<?xml version="1.0" encoding="UTF-8"?>
<!-- Generated by org.testng.reporters.JUnitXMLReporter -->
<testsuite hostname="Davlatbeks-MacBook-Air.local" ignored="0" name="Surefire test" tests="4" failures="0" timestamp="02 Feb 2018 12:49:08 GMT" time="88.091" errors="0">
  <testcase name="accountDeleteTest" time="2.673" classname="com.processingcenter.processingcenter.ProcessingcenterApplicationTests"/>
  <testcase name="addAccountTest" time="0.754" classname="com.processingcenter.processingcenter.ProcessingcenterApplicationTests"/>
  <testcase name="paymentWithInsuffiecientFundsAccountTest" time="2.116" classname="com.processingcenter.processingcenter.ProcessingcenterApplicationTests"/>
  <testcase name="paymentWithSufficientFundsAccountTest" time="4.371" classname="com.processingcenter.processingcenter.ProcessingcenterApplicationTests"/>
</testsuite> <!-- Surefire test -->
