<?xml version="1.0" encoding="UTF-8"?>
<!-- Generated by org.testng.reporters.JUnitXMLReporter -->
<testsuite hostname="Davlatbeks-MacBook-Air.local" ignored="0" name="Surefire test" tests="5" failures="0" timestamp="02 Feb 2018 14:50:33 GMT" time="109.915" errors="0">
  <testcase name="addNewAccountTest" time="4.236" classname="com.processingcenter.processingcenter.ProcessingCenterSeleniumTests"/>
  <testcase name="accountDeleteTest" time="3.348" classname="com.processingcenter.processingcenter.ProcessingcenterApplicationTests"/>
  <testcase name="addAccountTest" time="0.778" classname="com.processingcenter.processingcenter.ProcessingcenterApplicationTests"/>
  <testcase name="paymentWithInsuffiecientFundsAccountTest" time="2.196" classname="com.processingcenter.processingcenter.ProcessingcenterApplicationTests"/>
  <testcase name="paymentWithSufficientFundsAccountTest" time="4.843" classname="com.processingcenter.processingcenter.ProcessingcenterApplicationTests"/>
</testsuite> <!-- Surefire test -->
