<?xml version="1.0" encoding="UTF-8"?>
<testsuite xmlns:xsi="http://www.w3.org/2001/XMLSchema-instance" xsi:noNamespaceSchemaLocation="https://maven.apache.org/surefire/maven-surefire-plugin/xsd/surefire-test-report.xsd" name="com.processingcenter.processingcenter.ProcessingcenterApplicationTests" time="92.264" tests="4" errors="0" skipped="0" failures="0">
  <properties>
[...]
</properties>
  <testcase name="accountDeleteTest" classname="com.processingcenter.processingcenter.ProcessingcenterApplicationTests" time="2.671"/>
  <testcase name="addAccountTest" classname="com.processingcenter.processingcenter.ProcessingcenterApplicationTests" time="0.754"/>
  <testcase name="paymentWithInsuffiecientFundsAccountTest" classname="com.processingcenter.processingcenter.ProcessingcenterApplicationTests" time="2.117"/>
  <testcase name="paymentWithSufficientFundsAccountTest" classname="com.processingcenter.processingcenter.ProcessingcenterApplicationTests" time="4.371"/>
</testsuite>